<?xml version="1.0" encoding="UTF-8"?>
<coverage generated="1782874860632" clover="3.2.0">
  <project timestamp="1782874860632" name="All files">
    <metrics statements="79" coveredstatements="53" conditionals="46" coveredconditionals="34" methods="21" coveredmethods="15" elements="146" coveredelements="102" complexity="0" loc="79" ncloc="79" packages="4" files="8" classes="8"/>
    <package name="api">
      <metrics statements="4" coveredstatements="0" conditionals="2" coveredconditionals="0" methods="1" coveredmethods="0"/>
      <file name="orders.js" path="Z:\Project-Engineering-main\Milestone 05\Write Tests for a Key Feature\src\api\orders.js">
        <metrics statements="4" coveredstatements="0" conditionals="2" coveredconditionals="0" methods="1" coveredmethods="0"/>
        <line num="2" count="0" type="stmt"/>
        <line num="3" count="0" type="cond" truecount="0" falsecount="2"/>
        <line num="4" count="0" type="stmt"/>
        <line num="6" count="0" type="stmt"/>
      </file>
    </package>
    <package name="components">
      <metrics statements="9" coveredstatements="9" conditionals="20" coveredconditionals="19" methods="4" coveredmethods="4"/>
      <file name="Button.jsx" path="Z:\Project-Engineering-main\Milestone 05\Write Tests for a Key Feature\src\components\Button.jsx">
        <metrics statements="5" coveredstatements="5" conditionals="18" coveredconditionals="17" methods="2" coveredmethods="2"/>
        <line num="3" count="2" type="stmt"/>
        <line num="11" count="75" type="stmt"/>
        <line num="12" count="5" type="cond" truecount="3" falsecount="1"/>
        <line num="13" count="5" type="cond" truecount="2" falsecount="0"/>
        <line num="16" count="75" type="stmt"/>
      </file>
      <file name="EmptyState.jsx" path="Z:\Project-Engineering-main\Milestone 05\Write Tests for a Key Feature\src\components\EmptyState.jsx">
        <metrics statements="2" coveredstatements="2" conditionals="0" coveredconditionals="0" methods="1" coveredmethods="1"/>
        <line num="4" count="1" type="stmt"/>
        <line num="5" count="1" type="stmt"/>
      </file>
      <file name="ErrorMessage.jsx" path="Z:\Project-Engineering-main\Milestone 05\Write Tests for a Key Feature\src\components\ErrorMessage.jsx">
        <metrics statements="2" coveredstatements="2" conditionals="2" coveredconditionals="2" methods="1" coveredmethods="1"/>
        <line num="4" count="3" type="stmt"/>
        <line num="5" count="5" type="stmt"/>
      </file>
    </package>
    <package name="features">
      <metrics statements="35" coveredstatements="29" conditionals="16" coveredconditionals="11" methods="10" coveredmethods="9"/>
      <file name="LoginForm.jsx" path="Z:\Project-Engineering-main\Milestone 05\Write Tests for a Key Feature\src\features\LoginForm.jsx">
        <metrics statements="10" coveredstatements="10" conditionals="2" coveredconditionals="2" methods="4" coveredmethods="4"/>
        <line num="7" count="1" type="stmt"/>
        <line num="8" count="72" type="stmt"/>
        <line num="9" count="72" type="stmt"/>
        <line num="10" count="72" type="stmt"/>
        <line num="12" count="72" type="stmt"/>
        <line num="13" count="3" type="stmt"/>
        <line num="14" count="3" type="stmt"/>
        <line num="17" count="72" type="stmt"/>
        <line num="36" count="40" type="stmt"/>
        <line num="54" count="21" type="stmt"/>
      </file>
      <file name="OrdersList.jsx" path="Z:\Project-Engineering-main\Milestone 05\Write Tests for a Key Feature\src\features\OrdersList.jsx">
        <metrics statements="25" coveredstatements="19" conditionals="14" coveredconditionals="9" methods="6" coveredmethods="5"/>
        <line num="7" count="1" type="stmt"/>
        <line num="8" count="2" type="stmt"/>
        <line num="9" count="2" type="cond" truecount="2" falsecount="2"/>
        <line num="10" count="1" type="stmt"/>
        <line num="11" count="0" type="stmt"/>
        <line num="12" count="1" type="stmt"/>
        <line num="13" count="0" type="stmt"/>
        <line num="17" count="2" type="stmt"/>
        <line num="18" count="2" type="cond" truecount="2" falsecount="2"/>
        <line num="19" count="1" type="stmt"/>
        <line num="20" count="0" type="stmt"/>
        <line num="21" count="1" type="stmt"/>
        <line num="22" count="0" type="stmt"/>
        <line num="26" count="2" type="stmt"/>
        <line num="34" count="1" type="stmt"/>
        <line num="35" count="3" type="stmt"/>
        <line num="37" count="3" type="cond" truecount="1" falsecount="1"/>
        <line num="38" count="0" type="stmt"/>
        <line num="41" count="0" type="stmt"/>
        <line num="54" count="3" type="cond" truecount="2" falsecount="0"/>
        <line num="55" count="1" type="stmt"/>
        <line num="65" count="2" type="cond" truecount="2" falsecount="0"/>
        <line num="66" count="1" type="stmt"/>
        <line num="76" count="1" type="stmt"/>
        <line num="79" count="2" type="stmt"/>
      </file>
    </package>
    <package name="hooks">
      <metrics statements="31" coveredstatements="15" conditionals="8" coveredconditionals="4" methods="6" coveredmethods="2"/>
      <file name="useLogin.js" path="Z:\Project-Engineering-main\Milestone 05\Write Tests for a Key Feature\src\hooks\useLogin.js">
        <metrics statements="16" coveredstatements="14" conditionals="6" coveredconditionals="4" methods="3" coveredmethods="2"/>
        <line num="5" count="1" type="stmt"/>
        <line num="6" count="72" type="stmt"/>
        <line num="7" count="72" type="stmt"/>
        <line num="8" count="72" type="stmt"/>
        <line num="10" count="72" type="stmt"/>
        <line num="12" count="3" type="cond" truecount="3" falsecount="1"/>
        <line num="13" count="0" type="stmt"/>
        <line num="16" count="3" type="stmt"/>
        <line num="17" count="3" type="stmt"/>
        <line num="19" count="3" type="stmt"/>
        <line num="20" count="3" type="stmt"/>
        <line num="22" count="2" type="stmt"/>
        <line num="24" count="1" type="cond" truecount="1" falsecount="1"/>
        <line num="26" count="3" type="stmt"/>
        <line num="30" count="72" type="stmt"/>
        <line num="34" count="0" type="stmt"/>
      </file>
      <file name="useOrders.js" path="Z:\Project-Engineering-main\Milestone 05\Write Tests for a Key Feature\src\hooks\useOrders.js">
        <metrics statements="15" coveredstatements="1" conditionals="2" coveredconditionals="0" methods="3" coveredmethods="0"/>
        <line num="4" count="1" type="stmt"/>
        <line num="5" count="0" type="stmt"/>
        <line num="6" count="0" type="stmt"/>
        <line num="7" count="0" type="stmt"/>
        <line num="9" count="0" type="stmt"/>
        <line num="10" count="0" type="stmt"/>
        <line num="11" count="0" type="stmt"/>
        <line num="12" count="0" type="stmt"/>
        <line num="13" count="0" type="stmt"/>
        <line num="14" count="0" type="stmt"/>
        <line num="16" count="0" type="cond" truecount="0" falsecount="2"/>
        <line num="18" count="0" type="stmt"/>
        <line num="22" count="0" type="stmt"/>
        <line num="23" count="0" type="stmt"/>
        <line num="26" count="0" type="stmt"/>
      </file>
    </package>
  </project>
</coverage>
