{"Z:\\Project-Engineering-main\\Milestone 05\\Write Tests for a Key Feature\\src\\api\\orders.js": {"path":"Z:\\Project-Engineering-main\\Milestone 05\\Write Tests for a Key Feature\\src\\api\\orders.js","statementMap":{"0":{"start":{"line":2,"column":19},"end":{"line":2,"column":45}},"1":{"start":{"line":3,"column":2},"end":{"line":5,"column":3}},"2":{"start":{"line":4,"column":4},"end":{"line":4,"column":45}},"3":{"start":{"line":6,"column":2},"end":{"line":6,"column":24}}},"fnMap":{"0":{"name":"fetchOrders","decl":{"start":{"line":1,"column":22},"end":{"line":1,"column":33}},"loc":{"start":{"line":1,"column":36},"end":{"line":7,"column":1}},"line":1}},"branchMap":{"0":{"loc":{"start":{"line":3,"column":2},"end":{"line":5,"column":3}},"type":"if","locations":[{"start":{"line":3,"column":2},"end":{"line":5,"column":3}},{"start":{},"end":{}}],"line":3}},"s":{"0":0,"1":0,"2":0,"3":0},"f":{"0":0},"b":{"0":[0,0]},"_coverageSchema":"1a1c01bbd47fc00a2c39e90264f33305004495a9","hash":"80d883da4e8dcbe86c6984d300c1d9acae082cc7"}
,"Z:\\Project-Engineering-main\\Milestone 05\\Write Tests for a Key Feature\\src\\components\\Button.jsx": {"path":"Z:\\Project-Engineering-main\\Milestone 05\\Write Tests for a Key Feature\\src\\components\\Button.jsx","statementMap":{"0":{"start":{"line":3,"column":15},"end":{"line":30,"column":1}},"1":{"start":{"line":11,"column":22},"end":{"line":14,"column":3}},"2":{"start":{"line":12,"column":4},"end":{"line":12,"column":36}},"3":{"start":{"line":12,"column":29},"end":{"line":12,"column":36}},"4":{"start":{"line":13,"column":4},"end":{"line":13,"column":28}},"5":{"start":{"line":13,"column":17},"end":{"line":13,"column":28}},"6":{"start":{"line":16,"column":2},"end":{"line":29,"column":4}}},"fnMap":{"0":{"name":"(anonymous_0)","decl":{"start":{"line":3,"column":15},"end":{"line":3,"column":16}},"loc":{"start":{"line":10,"column":6},"end":{"line":30,"column":1}},"line":10},"1":{"name":"(anonymous_1)","decl":{"start":{"line":11,"column":22},"end":{"line":11,"column":23}},"loc":{"start":{"line":11,"column":29},"end":{"line":14,"column":3}},"line":11}},"branchMap":{"0":{"loc":{"start":{"line":6,"column":2},"end":{"line":6,"column":18}},"type":"default-arg","locations":[{"start":{"line":6,"column":13},"end":{"line":6,"column":18}}],"line":6},"1":{"loc":{"start":{"line":7,"column":2},"end":{"line":7,"column":17}},"type":"default-arg","locations":[{"start":{"line":7,"column":12},"end":{"line":7,"column":17}}],"line":7},"2":{"loc":{"start":{"line":8,"column":2},"end":{"line":8,"column":17}},"type":"default-arg","locations":[{"start":{"line":8,"column":9},"end":{"line":8,"column":17}}],"line":8},"3":{"loc":{"start":{"line":9,"column":2},"end":{"line":9,"column":16}},"type":"default-arg","locations":[{"start":{"line":9,"column":14},"end":{"line":9,"column":16}}],"line":9},"4":{"loc":{"start":{"line":12,"column":4},"end":{"line":12,"column":36}},"type":"if","locations":[{"start":{"line":12,"column":4},"end":{"line":12,"column":36}},{"start":{},"end":{}}],"line":12},"5":{"loc":{"start":{"line":12,"column":8},"end":{"line":12,"column":27}},"type":"binary-expr","locations":[{"start":{"line":12,"column":8},"end":{"line":12,"column":16}},{"start":{"line":12,"column":20},"end":{"line":12,"column":27}}],"line":12},"6":{"loc":{"start":{"line":13,"column":4},"end":{"line":13,"column":28}},"type":"if","locations":[{"start":{"line":13,"column":4},"end":{"line":13,"column":28}},{"start":{},"end":{}}],"line":13},"7":{"loc":{"start":{"line":19,"column":16},"end":{"line":19,"column":35}},"type":"binary-expr","locations":[{"start":{"line":19,"column":16},"end":{"line":19,"column":24}},{"start":{"line":19,"column":28},"end":{"line":19,"column":35}}],"line":19},"8":{"loc":{"start":{"line":22,"column":10},"end":{"line":24,"column":108}},"type":"cond-expr","locations":[{"start":{"line":23,"column":12},"end":{"line":23,"column":60}},{"start":{"line":24,"column":12},"end":{"line":24,"column":108}}],"line":22},"9":{"loc":{"start":{"line":22,"column":10},"end":{"line":22,"column":29}},"type":"binary-expr","locations":[{"start":{"line":22,"column":10},"end":{"line":22,"column":18}},{"start":{"line":22,"column":22},"end":{"line":22,"column":29}}],"line":22},"10":{"loc":{"start":{"line":27,"column":7},"end":{"line":27,"column":37}},"type":"cond-expr","locations":[{"start":{"line":27,"column":17},"end":{"line":27,"column":29}},{"start":{"line":27,"column":32},"end":{"line":27,"column":37}}],"line":27}},"s":{"0":2,"1":75,"2":5,"3":0,"4":5,"5":1,"6":75},"f":{"0":75,"1":5},"b":{"0":[74],"1":[3],"2":[3],"3":[3],"4":[0,5],"5":[5,5],"6":[1,4],"7":[75,74],"8":[4,71],"9":[75,74],"10":[3,72]},"_coverageSchema":"1a1c01bbd47fc00a2c39e90264f33305004495a9","hash":"c21e22ae792291d5985904edb1449a014a78731e"}
,"Z:\\Project-Engineering-main\\Milestone 05\\Write Tests for a Key Feature\\src\\components\\EmptyState.jsx": {"path":"Z:\\Project-Engineering-main\\Milestone 05\\Write Tests for a Key Feature\\src\\components\\EmptyState.jsx","statementMap":{"0":{"start":{"line":4,"column":19},"end":{"line":14,"column":1}},"1":{"start":{"line":5,"column":2},"end":{"line":13,"column":4}}},"fnMap":{"0":{"name":"(anonymous_0)","decl":{"start":{"line":4,"column":19},"end":{"line":4,"column":20}},"loc":{"start":{"line":4,"column":43},"end":{"line":14,"column":1}},"line":4}},"branchMap":{},"s":{"0":1,"1":1},"f":{"0":1},"b":{},"_coverageSchema":"1a1c01bbd47fc00a2c39e90264f33305004495a9","hash":"e724981026f657fd8ac4730534d7322fffa6600e"}
,"Z:\\Project-Engineering-main\\Milestone 05\\Write Tests for a Key Feature\\src\\components\\ErrorMessage.jsx": {"path":"Z:\\Project-Engineering-main\\Milestone 05\\Write Tests for a Key Feature\\src\\components\\ErrorMessage.jsx","statementMap":{"0":{"start":{"line":4,"column":21},"end":{"line":23,"column":1}},"1":{"start":{"line":5,"column":2},"end":{"line":22,"column":4}}},"fnMap":{"0":{"name":"(anonymous_0)","decl":{"start":{"line":4,"column":21},"end":{"line":4,"column":22}},"loc":{"start":{"line":4,"column":47},"end":{"line":23,"column":1}},"line":4}},"branchMap":{"0":{"loc":{"start":{"line":12,"column":7},"end":{"line":20,"column":7}},"type":"binary-expr","locations":[{"start":{"line":12,"column":7},"end":{"line":12,"column":14}},{"start":{"line":13,"column":8},"end":{"line":19,"column":17}}],"line":12}},"s":{"0":3,"1":5},"f":{"0":5},"b":{"0":[5,2]},"_coverageSchema":"1a1c01bbd47fc00a2c39e90264f33305004495a9","hash":"9096d5d263956e7f1c2c3f24bca5d9651b940364"}
,"Z:\\Project-Engineering-main\\Milestone 05\\Write Tests for a Key Feature\\src\\features\\LoginForm.jsx": {"path":"Z:\\Project-Engineering-main\\Milestone 05\\Write Tests for a Key Feature\\src\\features\\LoginForm.jsx","statementMap":{"0":{"start":{"line":7,"column":18},"end":{"line":78,"column":1}},"1":{"start":{"line":8,"column":28},"end":{"line":8,"column":40}},"2":{"start":{"line":9,"column":34},"end":{"line":9,"column":46}},"3":{"start":{"line":10,"column":44},"end":{"line":10,"column":54}},"4":{"start":{"line":12,"column":23},"end":{"line":15,"column":3}},"5":{"start":{"line":13,"column":4},"end":{"line":13,"column":23}},"6":{"start":{"line":14,"column":4},"end":{"line":14,"column":37}},"7":{"start":{"line":17,"column":2},"end":{"line":77,"column":4}},"8":{"start":{"line":36,"column":31},"end":{"line":36,"column":55}},"9":{"start":{"line":54,"column":31},"end":{"line":54,"column":58}}},"fnMap":{"0":{"name":"(anonymous_0)","decl":{"start":{"line":7,"column":18},"end":{"line":7,"column":19}},"loc":{"start":{"line":7,"column":24},"end":{"line":78,"column":1}},"line":7},"1":{"name":"(anonymous_1)","decl":{"start":{"line":12,"column":23},"end":{"line":12,"column":24}},"loc":{"start":{"line":12,"column":30},"end":{"line":15,"column":3}},"line":12},"2":{"name":"(anonymous_2)","decl":{"start":{"line":36,"column":24},"end":{"line":36,"column":25}},"loc":{"start":{"line":36,"column":31},"end":{"line":36,"column":55}},"line":36},"3":{"name":"(anonymous_3)","decl":{"start":{"line":54,"column":24},"end":{"line":54,"column":25}},"loc":{"start":{"line":54,"column":31},"end":{"line":54,"column":58}},"line":54}},"branchMap":{"0":{"loc":{"start":{"line":61,"column":9},"end":{"line":65,"column":9}},"type":"binary-expr","locations":[{"start":{"line":61,"column":9},"end":{"line":61,"column":14}},{"start":{"line":62,"column":10},"end":{"line":64,"column":16}}],"line":61}},"s":{"0":1,"1":72,"2":72,"3":72,"4":72,"5":3,"6":3,"7":72,"8":40,"9":21},"f":{"0":72,"1":3,"2":40,"3":21},"b":{"0":[72,1]},"_coverageSchema":"1a1c01bbd47fc00a2c39e90264f33305004495a9","hash":"f17cc29c707c5d27b5feb33d3acdeec53b791939"}
,"Z:\\Project-Engineering-main\\Milestone 05\\Write Tests for a Key Feature\\src\\features\\OrdersList.jsx": {"path":"Z:\\Project-Engineering-main\\Milestone 05\\Write Tests for a Key Feature\\src\\features\\OrdersList.jsx","statementMap":{"0":{"start":{"line":7,"column":20},"end":{"line":32,"column":1}},"1":{"start":{"line":8,"column":20},"end":{"line":15,"column":3}},"2":{"start":{"line":9,"column":4},"end":{"line":14,"column":5}},"3":{"start":{"line":10,"column":24},"end":{"line":10,"column":90}},"4":{"start":{"line":11,"column":25},"end":{"line":11,"column":85}},"5":{"start":{"line":12,"column":25},"end":{"line":12,"column":91}},"6":{"start":{"line":13,"column":15},"end":{"line":13,"column":75}},"7":{"start":{"line":17,"column":18},"end":{"line":24,"column":3}},"8":{"start":{"line":18,"column":4},"end":{"line":23,"column":5}},"9":{"start":{"line":19,"column":24},"end":{"line":19,"column":68}},"10":{"start":{"line":20,"column":25},"end":{"line":20,"column":62}},"11":{"start":{"line":21,"column":25},"end":{"line":21,"column":62}},"12":{"start":{"line":22,"column":15},"end":{"line":22,"column":27}},"13":{"start":{"line":26,"column":2},"end":{"line":31,"column":4}},"14":{"start":{"line":34,"column":19},"end":{"line":102,"column":1}},"15":{"start":{"line":35,"column":48},"end":{"line":35,"column":59}},"16":{"start":{"line":37,"column":2},"end":{"line":52,"column":3}},"17":{"start":{"line":38,"column":4},"end":{"line":51,"column":6}},"18":{"start":{"line":41,"column":10},"end":{"line":48,"column":16}},"19":{"start":{"line":54,"column":2},"end":{"line":63,"column":3}},"20":{"start":{"line":55,"column":4},"end":{"line":62,"column":6}},"21":{"start":{"line":65,"column":2},"end":{"line":74,"column":3}},"22":{"start":{"line":66,"column":4},"end":{"line":73,"column":6}},"23":{"start":{"line":76,"column":2},"end":{"line":101,"column":4}},"24":{"start":{"line":79,"column":8},"end":{"line":98,"column":13}}},"fnMap":{"0":{"name":"(anonymous_0)","decl":{"start":{"line":7,"column":20},"end":{"line":7,"column":21}},"loc":{"start":{"line":7,"column":36},"end":{"line":32,"column":1}},"line":7},"1":{"name":"(anonymous_1)","decl":{"start":{"line":8,"column":20},"end":{"line":8,"column":21}},"loc":{"start":{"line":8,"column":26},"end":{"line":15,"column":3}},"line":8},"2":{"name":"(anonymous_2)","decl":{"start":{"line":17,"column":18},"end":{"line":17,"column":19}},"loc":{"start":{"line":17,"column":24},"end":{"line":24,"column":3}},"line":17},"3":{"name":"(anonymous_3)","decl":{"start":{"line":34,"column":19},"end":{"line":34,"column":20}},"loc":{"start":{"line":34,"column":25},"end":{"line":102,"column":1}},"line":34},"4":{"name":"(anonymous_4)","decl":{"start":{"line":40,"column":23},"end":{"line":40,"column":24}},"loc":{"start":{"line":41,"column":10},"end":{"line":48,"column":16}},"line":41},"5":{"name":"(anonymous_5)","decl":{"start":{"line":78,"column":18},"end":{"line":78,"column":19}},"loc":{"start":{"line":79,"column":8},"end":{"line":98,"column":13}},"line":79}},"branchMap":{"0":{"loc":{"start":{"line":9,"column":4},"end":{"line":14,"column":5}},"type":"switch","locations":[{"start":{"line":10,"column":6},"end":{"line":10,"column":90}},{"start":{"line":11,"column":6},"end":{"line":11,"column":85}},{"start":{"line":12,"column":6},"end":{"line":12,"column":91}},{"start":{"line":13,"column":6},"end":{"line":13,"column":75}}],"line":9},"1":{"loc":{"start":{"line":18,"column":4},"end":{"line":23,"column":5}},"type":"switch","locations":[{"start":{"line":19,"column":6},"end":{"line":19,"column":68}},{"start":{"line":20,"column":6},"end":{"line":20,"column":62}},{"start":{"line":21,"column":6},"end":{"line":21,"column":62}},{"start":{"line":22,"column":6},"end":{"line":22,"column":27}}],"line":18},"2":{"loc":{"start":{"line":37,"column":2},"end":{"line":52,"column":3}},"type":"if","locations":[{"start":{"line":37,"column":2},"end":{"line":52,"column":3}},{"start":{},"end":{}}],"line":37},"3":{"loc":{"start":{"line":54,"column":2},"end":{"line":63,"column":3}},"type":"if","locations":[{"start":{"line":54,"column":2},"end":{"line":63,"column":3}},{"start":{},"end":{}}],"line":54},"4":{"loc":{"start":{"line":65,"column":2},"end":{"line":74,"column":3}},"type":"if","locations":[{"start":{"line":65,"column":2},"end":{"line":74,"column":3}},{"start":{},"end":{}}],"line":65}},"s":{"0":1,"1":2,"2":2,"3":1,"4":0,"5":1,"6":0,"7":2,"8":2,"9":1,"10":0,"11":1,"12":0,"13":2,"14":1,"15":3,"16":3,"17":0,"18":0,"19":3,"20":1,"21":2,"22":1,"23":1,"24":2},"f":{"0":2,"1":2,"2":2,"3":3,"4":0,"5":2},"b":{"0":[1,0,1,0],"1":[1,0,1,0],"2":[0,3],"3":[1,2],"4":[1,1]},"_coverageSchema":"1a1c01bbd47fc00a2c39e90264f33305004495a9","hash":"a080ef7cbb2432c632f8377345db60e45d16875c"}
,"Z:\\Project-Engineering-main\\Milestone 05\\Write Tests for a Key Feature\\src\\hooks\\useLogin.js": {"path":"Z:\\Project-Engineering-main\\Milestone 05\\Write Tests for a Key Feature\\src\\hooks\\useLogin.js","statementMap":{"0":{"start":{"line":5,"column":24},"end":{"line":36,"column":1}},"1":{"start":{"line":6,"column":36},"end":{"line":6,"column":51}},"2":{"start":{"line":7,"column":28},"end":{"line":7,"column":42}},"3":{"start":{"line":8,"column":19},"end":{"line":8,"column":32}},"4":{"start":{"line":10,"column":22},"end":{"line":28,"column":3}},"5":{"start":{"line":12,"column":4},"end":{"line":14,"column":5}},"6":{"start":{"line":13,"column":6},"end":{"line":13,"column":13}},"7":{"start":{"line":16,"column":4},"end":{"line":16,"column":23}},"8":{"start":{"line":17,"column":4},"end":{"line":17,"column":19}},"9":{"start":{"line":19,"column":4},"end":{"line":27,"column":5}},"10":{"start":{"line":20,"column":19},"end":{"line":20,"column":55}},"11":{"start":{"line":22,"column":6},"end":{"line":22,"column":61}},"12":{"start":{"line":24,"column":6},"end":{"line":24,"column":46}},"13":{"start":{"line":26,"column":6},"end":{"line":26,"column":26}},"14":{"start":{"line":30,"column":2},"end":{"line":35,"column":4}},"15":{"start":{"line":34,"column":22},"end":{"line":34,"column":36}}},"fnMap":{"0":{"name":"(anonymous_0)","decl":{"start":{"line":5,"column":24},"end":{"line":5,"column":25}},"loc":{"start":{"line":5,"column":30},"end":{"line":36,"column":1}},"line":5},"1":{"name":"(anonymous_1)","decl":{"start":{"line":10,"column":22},"end":{"line":10,"column":23}},"loc":{"start":{"line":10,"column":53},"end":{"line":28,"column":3}},"line":10},"2":{"name":"(anonymous_2)","decl":{"start":{"line":34,"column":16},"end":{"line":34,"column":17}},"loc":{"start":{"line":34,"column":22},"end":{"line":34,"column":36}},"line":34}},"branchMap":{"0":{"loc":{"start":{"line":12,"column":4},"end":{"line":14,"column":5}},"type":"if","locations":[{"start":{"line":12,"column":4},"end":{"line":14,"column":5}},{"start":{},"end":{}}],"line":12},"1":{"loc":{"start":{"line":12,"column":8},"end":{"line":12,"column":27}},"type":"binary-expr","locations":[{"start":{"line":12,"column":8},"end":{"line":12,"column":14}},{"start":{"line":12,"column":18},"end":{"line":12,"column":27}}],"line":12},"2":{"loc":{"start":{"line":24,"column":15},"end":{"line":24,"column":44}},"type":"binary-expr","locations":[{"start":{"line":24,"column":15},"end":{"line":24,"column":26}},{"start":{"line":24,"column":30},"end":{"line":24,"column":44}}],"line":24}},"s":{"0":1,"1":72,"2":72,"3":72,"4":72,"5":3,"6":0,"7":3,"8":3,"9":3,"10":3,"11":2,"12":1,"13":3,"14":72,"15":0},"f":{"0":72,"1":3,"2":0},"b":{"0":[0,3],"1":[3,3],"2":[1,0]},"_coverageSchema":"1a1c01bbd47fc00a2c39e90264f33305004495a9","hash":"584d627aa450ebcd43c9989ea14e03aee308abb2"}
,"Z:\\Project-Engineering-main\\Milestone 05\\Write Tests for a Key Feature\\src\\hooks\\useOrders.js": {"path":"Z:\\Project-Engineering-main\\Milestone 05\\Write Tests for a Key Feature\\src\\hooks\\useOrders.js","statementMap":{"0":{"start":{"line":4,"column":25},"end":{"line":32,"column":1}},"1":{"start":{"line":5,"column":30},"end":{"line":5,"column":42}},"2":{"start":{"line":6,"column":36},"end":{"line":6,"column":51}},"3":{"start":{"line":7,"column":28},"end":{"line":7,"column":42}},"4":{"start":{"line":9,"column":20},"end":{"line":20,"column":8}},"5":{"start":{"line":10,"column":4},"end":{"line":10,"column":23}},"6":{"start":{"line":11,"column":4},"end":{"line":11,"column":19}},"7":{"start":{"line":12,"column":4},"end":{"line":19,"column":5}},"8":{"start":{"line":13,"column":19},"end":{"line":13,"column":38}},"9":{"start":{"line":14,"column":6},"end":{"line":14,"column":22}},"10":{"start":{"line":16,"column":6},"end":{"line":16,"column":55}},"11":{"start":{"line":18,"column":6},"end":{"line":18,"column":26}},"12":{"start":{"line":22,"column":2},"end":{"line":24,"column":18}},"13":{"start":{"line":23,"column":4},"end":{"line":23,"column":16}},"14":{"start":{"line":26,"column":2},"end":{"line":31,"column":4}}},"fnMap":{"0":{"name":"(anonymous_0)","decl":{"start":{"line":4,"column":25},"end":{"line":4,"column":26}},"loc":{"start":{"line":4,"column":31},"end":{"line":32,"column":1}},"line":4},"1":{"name":"(anonymous_1)","decl":{"start":{"line":9,"column":32},"end":{"line":9,"column":33}},"loc":{"start":{"line":9,"column":44},"end":{"line":20,"column":3}},"line":9},"2":{"name":"(anonymous_2)","decl":{"start":{"line":22,"column":12},"end":{"line":22,"column":13}},"loc":{"start":{"line":22,"column":18},"end":{"line":24,"column":3}},"line":22}},"branchMap":{"0":{"loc":{"start":{"line":16,"column":15},"end":{"line":16,"column":53}},"type":"binary-expr","locations":[{"start":{"line":16,"column":15},"end":{"line":16,"column":26}},{"start":{"line":16,"column":30},"end":{"line":16,"column":53}}],"line":16}},"s":{"0":1,"1":0,"2":0,"3":0,"4":0,"5":0,"6":0,"7":0,"8":0,"9":0,"10":0,"11":0,"12":0,"13":0,"14":0},"f":{"0":0,"1":0,"2":0},"b":{"0":[0,0]},"_coverageSchema":"1a1c01bbd47fc00a2c39e90264f33305004495a9","hash":"70e82917e4768f1d8270185e7df3432ff8b326e3"}
}
