TN:
SF:src\api\orders.js
FN:1,fetchOrders
FNF:1
FNH:0
FNDA:0,fetchOrders
DA:2,0
DA:3,0
DA:4,0
DA:6,0
LF:4
LH:0
BRDA:3,0,0,0
BRDA:3,0,1,0
BRF:2
BRH:0
end_of_record
TN:
SF:src\components\Button.jsx
FN:3,(anonymous_0)
FN:11,(anonymous_1)
FNF:2
FNH:2
FNDA:75,(anonymous_0)
FNDA:5,(anonymous_1)
DA:3,2
DA:11,75
DA:12,5
DA:13,5
DA:16,75
LF:5
LH:5
BRDA:6,0,0,74
BRDA:7,1,0,3
BRDA:8,2,0,3
BRDA:9,3,0,3
BRDA:12,4,0,0
BRDA:12,4,1,5
BRDA:12,5,0,5
BRDA:12,5,1,5
BRDA:13,6,0,1
BRDA:13,6,1,4
BRDA:19,7,0,75
BRDA:19,7,1,74
BRDA:22,8,0,4
BRDA:22,8,1,71
BRDA:22,9,0,75
BRDA:22,9,1,74
BRDA:27,10,0,3
BRDA:27,10,1,72
BRF:18
BRH:17
end_of_record
TN:
SF:src\components\EmptyState.jsx
FN:4,(anonymous_0)
FNF:1
FNH:1
FNDA:1,(anonymous_0)
DA:4,1
DA:5,1
LF:2
LH:2
BRF:0
BRH:0
end_of_record
TN:
SF:src\components\ErrorMessage.jsx
FN:4,(anonymous_0)
FNF:1
FNH:1
FNDA:5,(anonymous_0)
DA:4,3
DA:5,5
LF:2
LH:2
BRDA:12,0,0,5
BRDA:12,0,1,2
BRF:2
BRH:2
end_of_record
TN:
SF:src\features\LoginForm.jsx
FN:7,(anonymous_0)
FN:12,(anonymous_1)
FN:36,(anonymous_2)
FN:54,(anonymous_3)
FNF:4
FNH:4
FNDA:72,(anonymous_0)
FNDA:3,(anonymous_1)
FNDA:40,(anonymous_2)
FNDA:21,(anonymous_3)
DA:7,1
DA:8,72
DA:9,72
DA:10,72
DA:12,72
DA:13,3
DA:14,3
DA:17,72
DA:36,40
DA:54,21
LF:10
LH:10
BRDA:61,0,0,72
BRDA:61,0,1,1
BRF:2
BRH:2
end_of_record
TN:
SF:src\features\OrdersList.jsx
FN:7,(anonymous_0)
FN:8,(anonymous_1)
FN:17,(anonymous_2)
FN:34,(anonymous_3)
FN:40,(anonymous_4)
FN:78,(anonymous_5)
FNF:6
FNH:5
FNDA:2,(anonymous_0)
FNDA:2,(anonymous_1)
FNDA:2,(anonymous_2)
FNDA:3,(anonymous_3)
FNDA:0,(anonymous_4)
FNDA:2,(anonymous_5)
DA:7,1
DA:8,2
DA:9,2
DA:10,1
DA:11,0
DA:12,1
DA:13,0
DA:17,2
DA:18,2
DA:19,1
DA:20,0
DA:21,1
DA:22,0
DA:26,2
DA:34,1
DA:35,3
DA:37,3
DA:38,0
DA:41,0
DA:54,3
DA:55,1
DA:65,2
DA:66,1
DA:76,1
DA:79,2
LF:25
LH:19
BRDA:9,0,0,1
BRDA:9,0,1,0
BRDA:9,0,2,1
BRDA:9,0,3,0
BRDA:18,1,0,1
BRDA:18,1,1,0
BRDA:18,1,2,1
BRDA:18,1,3,0
BRDA:37,2,0,0
BRDA:37,2,1,3
BRDA:54,3,0,1
BRDA:54,3,1,2
BRDA:65,4,0,1
BRDA:65,4,1,1
BRF:14
BRH:9
end_of_record
TN:
SF:src\hooks\useLogin.js
FN:5,(anonymous_0)
FN:10,(anonymous_1)
FN:34,(anonymous_2)
FNF:3
FNH:2
FNDA:72,(anonymous_0)
FNDA:3,(anonymous_1)
FNDA:0,(anonymous_2)
DA:5,1
DA:6,72
DA:7,72
DA:8,72
DA:10,72
DA:12,3
DA:13,0
DA:16,3
DA:17,3
DA:19,3
DA:20,3
DA:22,2
DA:24,1
DA:26,3
DA:30,72
DA:34,0
LF:16
LH:14
BRDA:12,0,0,0
BRDA:12,0,1,3
BRDA:12,1,0,3
BRDA:12,1,1,3
BRDA:24,2,0,1
BRDA:24,2,1,0
BRF:6
BRH:4
end_of_record
TN:
SF:src\hooks\useOrders.js
FN:4,(anonymous_0)
FN:9,(anonymous_1)
FN:22,(anonymous_2)
FNF:3
FNH:0
FNDA:0,(anonymous_0)
FNDA:0,(anonymous_1)
FNDA:0,(anonymous_2)
DA:4,1
DA:5,0
DA:6,0
DA:7,0
DA:9,0
DA:10,0
DA:11,0
DA:12,0
DA:13,0
DA:14,0
DA:16,0
DA:18,0
DA:22,0
DA:23,0
DA:26,0
LF:15
LH:1
BRDA:16,0,0,0
BRDA:16,0,1,0
BRF:2
BRH:0
end_of_record
